<?xml version="1.0" encoding="UTF-8"?>
<testsuites>
<testsuite name="JUnitXmlReporter.constructor" errors="0" skipped="0" tests="2" failures="1" time="0.006" timestamp="2013-05-24T10:23:58">
<testcase classname="JUnitXmlReporter.constructor" name="should default path to an empty string" time="0.006">
<failure message="test failure">Assertion failed</failure>
</testcase>
<testcase classname="JUnitXmlReporter.constructor" name="should default useDotNotation to true" time="0"/>
</testsuite>
<testsuite hostname="PRDSLHLCFAJNK10" name="EndToEndChrome" tests="28" failures="1" timestamp="13 May 2016 14:01:21 GMT" time="651.784" errors="0">
<testcase name="LoginLogoutTestCase" time="36.888" classname="com.ancestry.systemtest.LoginPageTest"/>
<testcase name="SearchFlowTestCase" time="100.521" classname="com.ancestry.systemtest.SearchFlowTest"/>
<testcase name="AcceptHintFromAllHintsPage" time="109.274" classname="com.ancestry.systemtest.AcceptHintFromAllHintsPage"/>
<testcase name="VerifyLivingPersonTestCase" time="114.406" classname="com.ancestry.systemtest.VerifyLivingPersonTest"/>
<testcase name="EditAndSaveNarrativeTextTestCase" time="165.359" classname="com.ancestry.systemtest.EditAndSaveNarrativeTextTest"/>
<testcase name="VerifyNarrativeTextTestCase" time="177.237" classname="com.ancestry.systemtest.VerifyBirthNarrativeTextTest"/>
<testcase name="EditSourceTestCase" time="203.376" classname="com.ancestry.systemtest.EditSourceTest"/>
<testcase name="AddEditDisplayLifeStoryTestCase" time="205.943" classname="com.ancestry.systemtest.AddEditDisplayLifeStoryTest"/>
<testcase name="GalleryViewTestCase" time="194.94" classname="com.ancestry.systemtest.GalleryViewTest"/>
<testcase name="MayBeHintFromAllHintsPage" time="233.61" classname="com.ancestry.systemtest.MayBeHintFromAllHintsPage"/>
<testcase name="AcceptIgnoredHintTestCase" time="241.604" classname="com.ancestry.systemtest.AcceptIgnoredHintInPersonPage"/>
<testcase name="PlacePickerSearchTestCase" time="256.377" classname="com.ancestry.systemtest.PlacePickerSearchTest"/>
<testcase name="TreeNavigationTestCase" time="257.893" classname="com.ancestry.systemtest.TreeNodeNavigationTest"/>
<testcase name="AcceptHintFromIIVPage" time="217.829" classname="com.ancestry.systemtest.AcceptHintFromIIVPageTest"/>
<testcase name="HintsFlowTestCase" time="234.035" classname="com.ancestry.systemtest.HintsFlowTest"/>
<testcase name="UnignoreIgnoredHintTest" time="268.028" classname="com.ancestry.systemtest.UnignoreIgnoredHintInPersonPage"/>
<testcase name="AddEditDeletePersonTestCase" time="273.43" classname="com.ancestry.systemtest.AddEditDeletePersonTest"/>
<testcase name="AcceptUndecidedHintTestCase" time="298.661" classname="com.ancestry.systemtest.AcceptUndecidedHintInPersonPage"/>
<testcase name="IgnoreHintFromIIVPage" time="194.138" classname="com.ancestry.systemtest.IgnoreHintFromIIVPageTest"/>
<testcase name="HideOrShowLifeStoryFactsTest" time="272.749" classname="com.ancestry.systemtest.HideOrShowLifeStoryFacts"/>
<testcase name="MayBeHintFromIIVPage" time="279.642" classname="com.ancestry.systemtest.MayBeHintFromIIVPageTest"/>
<testcase name="VerifyPersonAgeTestCase" time="402.19" classname="com.ancestry.systemtest.VerifyPersonAgeTest"/>
<testcase name="IgnoreHintFromAllHintsPage" time="437.551" classname="com.ancestry.systemtest.IgnoreHintFromAllHintsPage">
<failure type="org.openqa.selenium.TimeoutException" message="Timed out after 40 seconds waiting for visibility of Proxy element for: DefaultElementLocator &apos;By.xpath: (.//a[@class=&apos;ancBtn ng-binding&apos;])[1]&apos; Build info: version: &apos;2.53.0&apos;, revision: &apos;35ae25b1534ae328c771e0856c93e187490ca824&apos;, time: &apos;2016-03-15 10:43:46&apos; System info: host: &apos;PRDSLHLCFAJNK10&apos;, ip: &apos;10.125.190.14&apos;, os.name: &apos;Linux&apos;, os.arch: &apos;amd64&apos;, os.version: &apos;3.10.0-229.20.1.el7.x86_64&apos;, java.version: &apos;1.8.0_77&apos; Driver info: driver.version: unknown">
<![CDATA[
org.openqa.selenium.TimeoutException: Timed out after 40 seconds waiting for visibility of Proxy element for: DefaultElementLocator 'By.xpath: (.//a[@class='ancBtn ng-binding'])[1]' Build info: version: '2.53.0', revision: '35ae25b1534ae328c771e0856c93e187490ca824', time: '2016-03-15 10:43:46' System info: host: 'PRDSLHLCFAJNK10', ip: '10.125.190.14', os.name: 'Linux', os.arch: 'amd64', os.version: '3.10.0-229.20.1.el7.x86_64', java.version: '1.8.0_77' Driver info: driver.version: unknown at org.openqa.selenium.support.ui.FluentWait.timeoutException(FluentWait.java:292) at org.openqa.selenium.support.ui.FluentWait.until(FluentWait.java:261) at com.ancestry.systemtest.useractions.CommonEvents.waitForElementVisibility(CommonEvents.java:118) at com.ancestry.systemtest.pages.HintsPage.RecordsHintsLink(HintsPage.java:132) at com.ancestry.systemtest.IgnoreHintFromAllHintsPage.IgnoreHintFromAllHintsPage(IgnoreHintFromAllHintsPage.java:42) at java.util.concurrent.ThreadPoolExecutor.runWorker(ThreadPoolExecutor.java:1142) at java.util.concurrent.ThreadPoolExecutor$Worker.run(ThreadPoolExecutor.java:617) at java.lang.Thread.run(Thread.java:745) Caused by: org.openqa.selenium.NoSuchElementException: no such element: Unable to locate element: {"method":"xpath","selector":"(.//a[@class='ancBtn ng-binding'])[1]"} (Session info: chrome=49.0.2623.87) (Driver info: chromedriver=2.21.371459 (36d3d07f660ff2bc1bf28a75d1cdabed0983e7c4),platform=Windows NT 6.1 SP1 x86_64) (WARNING: The server did not provide any stacktrace information) Command duration or timeout: 20.06 seconds For documentation on this error, please visit: http://seleniumhq.org/exceptions/no_such_element.html Build info: version: '2.53.0', revision: '35ae25b1534ae328c771e0856c93e187490ca824', time: '2016-03-15 10:43:46' System info: host: 'PRDSLHLCFAJNK10', ip: '10.125.190.14', os.name: 'Linux', os.arch: 'amd64', os.version: '3.10.0-229.20.1.el7.x86_64', java.version: '1.8.0_77' Driver info: org.openqa.selenium.remote.RemoteWebDriver Capabilities [{applicationCacheEnabled=false, rotatable=false, mobileEmulationEnabled=false, chrome={chromedriverVersion=2.21.371459 (36d3d07f660ff2bc1bf28a75d1cdabed0983e7c4), userDataDir=C:\Users\ADMINI~1\AppData\Local\Temp\scoped_dir1888_29517}, takesHeapSnapshot=true, hasMetadata=true, databaseEnabled=false, hasTouchScreen=false, handlesAlerts=true, version=49.0.2623.87, platform=XP, browserConnectionEnabled=false, nativeEvents=true, acceptSslCerts=true, webdriver.remote.sessionid=8e44fb90782b4c0b82e6871a637a29ee, webStorageEnabled=true, locationContextEnabled=true, takesScreenshot=true, browserName=chrome, javascriptEnabled=true, cssSelectorsEnabled=true}] Session ID: 8e44fb90782b4c0b82e6871a637a29ee *** Element info: {Using=xpath, value=(.//a[@class='ancBtn ng-binding'])[1]} at org.openqa.selenium.remote.ErrorHandler.createThrowable(ErrorHandler.java:206) at org.openqa.selenium.remote.ErrorHandler.throwIfResponseFailed(ErrorHandler.java:158) at org.openqa.selenium.remote.RemoteWebDriver.execute(RemoteWebDriver.java:678) at org.openqa.selenium.remote.RemoteWebDriver.findElement(RemoteWebDriver.java:363) at org.openqa.selenium.remote.RemoteWebDriver.findElementByXPath(RemoteWebDriver.java:500) at org.openqa.selenium.By$ByXPath.findElement(By.java:361) at org.openqa.selenium.remote.RemoteWebDriver.findElement(RemoteWebDriver.java:355) at org.openqa.selenium.support.pagefactory.DefaultElementLocator.findElement(DefaultElementLocator.java:69) at org.openqa.selenium.support.pagefactory.internal.LocatingElementHandler.invoke(LocatingElementHandler.java:38) at com.sun.proxy.$Proxy6.isDisplayed(Unknown Source) at org.openqa.selenium.support.ui.ExpectedConditions.elementIfVisible(ExpectedConditions.java:302) at org.openqa.selenium.support.ui.ExpectedConditions.access$100(ExpectedConditions.java:41) at org.openqa.selenium.support.ui.ExpectedConditions$10.apply(ExpectedConditions.java:288) at org.openqa.selenium.support.ui.ExpectedConditions$10.apply(ExpectedConditions.java:285) at org.openqa.selenium.support.ui.FluentWait.until(FluentWait.java:238) ... 16 more ... Removed 13 stack frames
]]>
<![CDATA[...]]>
</failure>
<failure type="org.openqa.selenium.TimeoutException" message="Timed out after 40 seconds waiting for visibility of Proxy element for: DefaultElementLocator &apos;By.xpath: (.//a[@class=&apos;ancBtn ng-binding&apos;])[1]&apos; Build info: version: &apos;2.53.0&apos;, revision: &apos;35ae25b1534ae328c771e0856c93e187490ca824&apos;, time: &apos;2016-03-15 10:43:46&apos; System info: host: &apos;PRDSLHLCFAJNK10&apos;, ip: &apos;10.125.190.14&apos;, os.name: &apos;Linux&apos;, os.arch: &apos;amd64&apos;, os.version: &apos;3.10.0-229.20.1.el7.x86_64&apos;, java.version: &apos;1.8.0_77&apos; Driver info: driver.version: unknown">...</failure>
</testcase>
<testcase name="IgnoreHintFromAllHintsPage" time="437.551" classname="com.ancestry.systemtest.IgnoreHintFromAllHintsPage">...</testcase>
<!-- IgnoreHintFromAllHintsPage -->
<testcase name="IgnoreHintFromTree" time="356.733" classname="com.ancestry.systemtest.IgnoreHintFromTree"/>
<testcase name="SaveRecordFromFamilyTest" time="512.069" classname="com.ancestry.systemtest.SaveRecordFromFamilyView"/>
<testcase name="IgnoreHintFromAllHintsPage" time="81.269" classname="com.ancestry.systemtest.IgnoreHintFromAllHintsPage"/>
<testcase name="SearchAndIIVAutoTestCase" time="563.065" classname="com.ancestry.systemtest.SearchAndIIVAutoTest"/>
<testcase name="MayBeHintFromTreeTest" time="470.467" classname="com.ancestry.systemtest.MayBeHintFromTree"/>
</testsuite>
</testsuites>
